Using pre-set license
Built from '2020.2/release' branch; Version is '2020.2.2f1 (068178b99f32) revision 426360'; Using compiler version '192528614'; Build Type 'Release'
OS: 'Windows 10 Pro; OS build 19042.985; Version 2009; 64bit' Language: 'en' Physical Memory: 32645 MB
BatchMode: 1, IsHumanControllingUs: 0, StartBugReporterOnCrash: 0, Is64bit: 1, IsPro: 0

 COMMAND LINE ARGUMENTS:
C:\Program Files\Unity\Hub\Editor\2020.2.2f1\Editor\Unity.exe
-adb2
-batchMode
-noUpm
-name
AssetImportWorker0
-projectPath
C:/Users/lalal/Documents/Class Projects/Shader Code
-logFile
Logs/AssetImportWorker0.log
-srvPort
57712
Successfully changed project path to: C:/Users/lalal/Documents/Class Projects/Shader Code
C:/Users/lalal/Documents/Class Projects/Shader Code
Using Asset Import Pipeline V2.
Refreshing native plugins compatible for Editor in 25.00 ms, found 0 plugins.
Preloading 0 native plugins for Editor in 0.00 ms.
Initialize engine version: 2020.2.2f1 (068178b99f32)
[Subsystems] Discovering subsystems at path C:/Program Files/Unity/Hub/Editor/2020.2.2f1/Editor/Data/Resources/UnitySubsystems
[Subsystems] Discovering subsystems at path C:/Users/lalal/Documents/Class Projects/Shader Code/Assets
GfxDevice: creating device client; threaded=0
Direct3D:
    Version:  Direct3D 11.0 [level 11.1]
    Renderer: NVIDIA GeForce RTX 2070 with Max-Q Design (ID=0x1f50)
    Vendor:   
    VRAM:     8031 MB
    Driver:   27.21.14.6192
Initialize mono
Mono path[0] = 'C:/Program Files/Unity/Hub/Editor/2020.2.2f1/Editor/Data/Managed'
Mono path[1] = 'C:/Program Files/Unity/Hub/Editor/2020.2.2f1/Editor/Data/MonoBleedingEdge/lib/mono/unityjit'
Mono config path = 'C:/Program Files/Unity/Hub/Editor/2020.2.2f1/Editor/Data/MonoBleedingEdge/etc'
Using monoOptions --debugger-agent=transport=dt_socket,embedding=1,server=y,suspend=n,address=127.0.0.1:56464
Begin MonoManager ReloadAssembly
Registering precompiled unity dll's ...
Register platform support module: C:/Program Files/Unity/Hub/Editor/2020.2.2f1/Editor/Data/PlaybackEngines/WindowsStandaloneSupport/UnityEditor.WindowsStandalone.Extensions.dll
Registered in 0.002916 seconds.
Native extension for WindowsStandalone target not found
Refreshing native plugins compatible for Editor in 46.20 ms, found 0 plugins.
Preloading 0 native plugins for Editor in 0.00 ms.
Invoked RoslynAnalysisRunner static constructor.
RoslynAnalysisRunner will not be running.
RoslynAnalysisRunner has terminated.
Mono: successfully reloaded assembly
- Completed reload, in  2.646 seconds
Platform modules already initialized, skipping
Registering precompiled user dll's ...
Registered in 0.000874 seconds.
Begin MonoManager ReloadAssembly
Native extension for WindowsStandalone target not found
Refreshing native plugins compatible for Editor in 0.19 ms, found 0 plugins.
Preloading 0 native plugins for Editor in 0.00 ms.
Invoked RoslynAnalysisRunner static constructor.
RoslynAnalysisRunner will not be running.
RoslynAnalysisRunner has terminated.
Mono: successfully reloaded assembly
- Completed reload, in  0.884 seconds
Platform modules already initialized, skipping
========================================================================
Worker process is ready to serve import requests
Launched and connected shader compiler UnityShaderCompiler.exe after 0.06 seconds
Refreshing native plugins compatible for Editor in 0.20 ms, found 0 plugins.
Preloading 0 native plugins for Editor in 0.00 ms.
Unloading 1103 Unused Serialized files (Serialized files now loaded: 0)
System memory in use before: 57.2 MB.
System memory in use after: 57.2 MB.

Unloading 10 unused Assets to reduce memory usage. Loaded Objects now: 1544.
Total: 1.606000 ms (FindLiveObjects: 0.213200 ms CreateObjectMapping: 0.082500 ms MarkObjects: 1.234800 ms  DeleteObjects: 0.074600 ms)

========================================================================
Received Import Request.
  path: Assets/Class Stuff/SHADER CODING/Caustics
  artifactKey: Guid(c7a8e3192430d914887b54739745e0aa) Importer(815301076,1909f56bfc062723c751e8b465ee728b)
Start importing Assets/Class Stuff/SHADER CODING/Caustics using Guid(c7a8e3192430d914887b54739745e0aa) Importer(815301076,1909f56bfc062723c751e8b465ee728b)  -> (artifact id: 'c32b2d9310f104fab5bdf4c2a63af367') in 0.008039 seconds
  Import took 0.010332 seconds .

========================================================================
Received Import Request.
  Time since last request: 4.965130 seconds.
  path: Assets/Class Stuff/SHADER CODING/Caustics/Caustics.shader
  artifactKey: Guid(0c5a39afc0481ac418760df79d6bfc79) Importer(815301076,1909f56bfc062723c751e8b465ee728b)
Start importing Assets/Class Stuff/SHADER CODING/Caustics/Caustics.shader using Guid(0c5a39afc0481ac418760df79d6bfc79) Importer(815301076,1909f56bfc062723c751e8b465ee728b)  -> (artifact id: 'b8d393e6d93c3a5728db71a17739754e') in 0.049442 seconds
  Import took 0.051472 seconds .

========================================================================
Received Import Request.
  Time since last request: 353.247467 seconds.
  path: Assets/Class Stuff/SHADER CODING/Caustics/Caustics.shader
  artifactKey: Guid(0c5a39afc0481ac418760df79d6bfc79) Importer(815301076,1909f56bfc062723c751e8b465ee728b)
Start importing Assets/Class Stuff/SHADER CODING/Caustics/Caustics.shader using Guid(0c5a39afc0481ac418760df79d6bfc79) Importer(815301076,1909f56bfc062723c751e8b465ee728b)  -> (artifact id: '7d9bca0213fd39432772e4cc2320f559') in 0.008492 seconds
  Import took 0.010791 seconds .

========================================================================
Received Import Request.
  Time since last request: 0.025335 seconds.
  path: Assets/Class Stuff/SHADER CODING/Caustics/Caustics.shader
  artifactKey: Guid(0c5a39afc0481ac418760df79d6bfc79) Importer(815301076,1909f56bfc062723c751e8b465ee728b)
Start importing Assets/Class Stuff/SHADER CODING/Caustics/Caustics.shader using Guid(0c5a39afc0481ac418760df79d6bfc79) Importer(815301076,1909f56bfc062723c751e8b465ee728b)  -> (artifact id: '7d9bca0213fd39432772e4cc2320f559') in 0.007080 seconds
  Import took 0.010317 seconds .

========================================================================
Received Import Request.
  Time since last request: 81.373573 seconds.
  path: Assets/Class Stuff/SHADER CODING/Caustics/Caustics.shader
  artifactKey: Guid(0c5a39afc0481ac418760df79d6bfc79) Importer(815301076,1909f56bfc062723c751e8b465ee728b)
Start importing Assets/Class Stuff/SHADER CODING/Caustics/Caustics.shader using Guid(0c5a39afc0481ac418760df79d6bfc79) Importer(815301076,1909f56bfc062723c751e8b465ee728b)  -> (artifact id: '71bea99b9fcff7b27ea3d206f073c56b') in 0.009302 seconds
  Import took 0.011431 seconds .

========================================================================
Received Import Request.
  Time since last request: 69.574571 seconds.
  path: Assets/Class Stuff/SHADER CODING/Caustics/Caustics.shader
  artifactKey: Guid(0c5a39afc0481ac418760df79d6bfc79) Importer(815301076,1909f56bfc062723c751e8b465ee728b)
Start importing Assets/Class Stuff/SHADER CODING/Caustics/Caustics.shader using Guid(0c5a39afc0481ac418760df79d6bfc79) Importer(815301076,1909f56bfc062723c751e8b465ee728b)  -> (artifact id: '6c90277c9b8d2562326ce7102bbb7c24') in 0.008271 seconds
  Import took 0.011095 seconds .

========================================================================
Received Import Request.
  Time since last request: 29.923742 seconds.
  path: Assets/Class Stuff/SHADER CODING/Caustics/Caustics.shader
  artifactKey: Guid(0c5a39afc0481ac418760df79d6bfc79) Importer(815301076,1909f56bfc062723c751e8b465ee728b)
Start importing Assets/Class Stuff/SHADER CODING/Caustics/Caustics.shader using Guid(0c5a39afc0481ac418760df79d6bfc79) Importer(815301076,1909f56bfc062723c751e8b465ee728b)  -> (artifact id: '32bdf0a360e6d9d8655323d61f21ea6e') in 0.009284 seconds
  Import took 0.012574 seconds .

========================================================================
Received Import Request.
  Time since last request: 27.077955 seconds.
  path: Assets/Class Stuff/SHADER CODING/Caustics/Caustics.shader
  artifactKey: Guid(0c5a39afc0481ac418760df79d6bfc79) Importer(815301076,1909f56bfc062723c751e8b465ee728b)
Start importing Assets/Class Stuff/SHADER CODING/Caustics/Caustics.shader using Guid(0c5a39afc0481ac418760df79d6bfc79) Importer(815301076,1909f56bfc062723c751e8b465ee728b)  -> (artifact id: 'd5b17368d29ee7ea85498266e4a2d61b') in 0.010297 seconds
  Import took 0.012330 seconds .

========================================================================
Received Import Request.
  Time since last request: 3.531660 seconds.
  path: Assets/Class Stuff/SHADER CODING/Caustics/Caustics.shader
  artifactKey: Guid(0c5a39afc0481ac418760df79d6bfc79) Importer(815301076,1909f56bfc062723c751e8b465ee728b)
Start importing Assets/Class Stuff/SHADER CODING/Caustics/Caustics.shader using Guid(0c5a39afc0481ac418760df79d6bfc79) Importer(815301076,1909f56bfc062723c751e8b465ee728b)  -> (artifact id: '310435990a9725edbba7943f123f1658') in 0.005256 seconds
  Import took 0.008040 seconds .

========================================================================
Received Import Request.
  Time since last request: 225.475084 seconds.
  path: Assets/Class Stuff/SHADER CODING/Caustics/Caustics
  artifactKey: Guid(d98c9e015dff36f4389b12a16c140da0) Importer(815301076,1909f56bfc062723c751e8b465ee728b)
Start importing Assets/Class Stuff/SHADER CODING/Caustics/Caustics using Guid(d98c9e015dff36f4389b12a16c140da0) Importer(815301076,1909f56bfc062723c751e8b465ee728b)  -> (artifact id: '3743a148d28d6e7a8f97c4360fd3f6cc') in 0.006801 seconds
  Import took 0.008832 seconds .

========================================================================
Received Import Request.
  Time since last request: 1.622937 seconds.
  path: Assets/Class Stuff/SHADER CODING/Caustics/Caustics/caustics_atlas.png
  artifactKey: Guid(1f426477e3de417489ed633e0dd1bac9) Importer(815301076,1909f56bfc062723c751e8b465ee728b)
Start importing Assets/Class Stuff/SHADER CODING/Caustics/Caustics/caustics_atlas.png using Guid(1f426477e3de417489ed633e0dd1bac9) Importer(815301076,1909f56bfc062723c751e8b465ee728b)  -> (artifact id: '645f79643a23be9c3cabefff3f324834') in 0.085177 seconds
  Import took 0.087011 seconds .

========================================================================
Received Import Request.
  Time since last request: 0.010627 seconds.
  path: Assets/Class Stuff/SHADER CODING/Caustics/Caustics/caustics_atlas.png
  artifactKey: Guid(1f426477e3de417489ed633e0dd1bac9) Importer(815301076,1909f56bfc062723c751e8b465ee728b)
Start importing Assets/Class Stuff/SHADER CODING/Caustics/Caustics/caustics_atlas.png using Guid(1f426477e3de417489ed633e0dd1bac9) Importer(815301076,1909f56bfc062723c751e8b465ee728b)  -> (artifact id: '645f79643a23be9c3cabefff3f324834') in 0.018312 seconds
  Import took 0.020237 seconds .

========================================================================
Received Import Request.
  Time since last request: 1.373758 seconds.
  path: Assets/Class Stuff/SHADER CODING/Caustics/Caustics/caustics_atlas_noalpha.png
  artifactKey: Guid(6a63e9a3d28ace5458aa41ef8bc8b0c6) Importer(815301076,1909f56bfc062723c751e8b465ee728b)
Start importing Assets/Class Stuff/SHADER CODING/Caustics/Caustics/caustics_atlas_noalpha.png using Guid(6a63e9a3d28ace5458aa41ef8bc8b0c6) Importer(815301076,1909f56bfc062723c751e8b465ee728b)  -> (artifact id: '8b8094356ad4b94edd0adee1e598ec60') in 0.012635 seconds
  Import took 0.014693 seconds .

========================================================================
Received Import Request.
  Time since last request: 7.587138 seconds.
  path: Assets/Class Stuff/SHADER CODING/Caustics/Caustics/frames
  artifactKey: Guid(5077b5c31365f434ca4e1d66804ef3f0) Importer(815301076,1909f56bfc062723c751e8b465ee728b)
Start importing Assets/Class Stuff/SHADER CODING/Caustics/Caustics/frames using Guid(5077b5c31365f434ca4e1d66804ef3f0) Importer(815301076,1909f56bfc062723c751e8b465ee728b)  -> (artifact id: 'b9a213d1fe297a4043bf788d1af9b465') in 0.006602 seconds
  Import took 0.008285 seconds .

========================================================================
Received Import Request.
  Time since last request: 37.366590 seconds.
  path: Assets/Class Stuff/SHADER CODING/Caustics/Caustics/Materials
  artifactKey: Guid(cbaadb0c923892042a692aaf2f7d8d57) Importer(815301076,1909f56bfc062723c751e8b465ee728b)
Start importing Assets/Class Stuff/SHADER CODING/Caustics/Caustics/Materials using Guid(cbaadb0c923892042a692aaf2f7d8d57) Importer(815301076,1909f56bfc062723c751e8b465ee728b)  -> (artifact id: '0a40c533b4ba5323949f8179fe2b3122') in 0.006899 seconds
  Import took 0.008696 seconds .

========================================================================
Received Import Request.
  Time since last request: 58.638987 seconds.
  path: Assets/Class Stuff/SHADER CODING/Caustics/Caustics/frames/caust_001.png
  artifactKey: Guid(773e685db5695d7499ba3c53c7e3047c) Importer(815301076,1909f56bfc062723c751e8b465ee728b)
Start importing Assets/Class Stuff/SHADER CODING/Caustics/Caustics/frames/caust_001.png using Guid(773e685db5695d7499ba3c53c7e3047c) Importer(815301076,1909f56bfc062723c751e8b465ee728b)  -> (artifact id: '452b646f6332bc635410f0c258457041') in 0.013737 seconds
  Import took 0.015729 seconds .

========================================================================
Received Import Request.
  Time since last request: 0.000537 seconds.
  path: Assets/Class Stuff/SHADER CODING/Caustics/Caustics/frames/caust_011.png
  artifactKey: Guid(90e3da38ae64ec8459832e9bdd28552f) Importer(815301076,1909f56bfc062723c751e8b465ee728b)
Start importing Assets/Class Stuff/SHADER CODING/Caustics/Caustics/frames/caust_011.png using Guid(90e3da38ae64ec8459832e9bdd28552f) Importer(815301076,1909f56bfc062723c751e8b465ee728b)  -> (artifact id: '1c6e65fdba37eb1d16a1563e98f5ab51') in 0.017238 seconds
  Import took 0.019086 seconds .

========================================================================
Received Import Request.
  Time since last request: 0.000281 seconds.
  path: Assets/Class Stuff/SHADER CODING/Caustics/Caustics/frames/caust_014.png
  artifactKey: Guid(74d59141142966248afe53a15ebe9ce6) Importer(815301076,1909f56bfc062723c751e8b465ee728b)
Start importing Assets/Class Stuff/SHADER CODING/Caustics/Caustics/frames/caust_014.png using Guid(74d59141142966248afe53a15ebe9ce6) Importer(815301076,1909f56bfc062723c751e8b465ee728b)  -> (artifact id: '19b258e53db0e5fd20ce9f78d279327c') in 0.014415 seconds
  Import took 0.016922 seconds .

========================================================================
Received Import Request.
  Time since last request: 0.000289 seconds.
  path: Assets/Class Stuff/SHADER CODING/Caustics/Caustics/frames/caust_006.png
  artifactKey: Guid(106cdbb26c3d46e468afad49321d1853) Importer(815301076,1909f56bfc062723c751e8b465ee728b)
Start importing Assets/Class Stuff/SHADER CODING/Caustics/Caustics/frames/caust_006.png using Guid(106cdbb26c3d46e468afad49321d1853) Importer(815301076,1909f56bfc062723c751e8b465ee728b)  -> (artifact id: '36619d4439ff2623c2e3942182d4facb') in 0.013398 seconds
  Import took 0.015222 seconds .

========================================================================
Received Import Request.
  Time since last request: 0.000265 seconds.
  path: Assets/Class Stuff/SHADER CODING/Caustics/Caustics/frames/caust_008.png
  artifactKey: Guid(d5dd4550d75b37f47ac162f236178530) Importer(815301076,1909f56bfc062723c751e8b465ee728b)
Start importing Assets/Class Stuff/SHADER CODING/Caustics/Caustics/frames/caust_008.png using Guid(d5dd4550d75b37f47ac162f236178530) Importer(815301076,1909f56bfc062723c751e8b465ee728b)  -> (artifact id: '932dc9d3f0f374de491ad25e9167510d') in 0.014982 seconds
  Import took 0.017029 seconds .

========================================================================
Received Import Request.
  Time since last request: 0.000219 seconds.
  path: Assets/Class Stuff/SHADER CODING/Caustics/Caustics/frames/caust_015.png
  artifactKey: Guid(099502b0de5cbbd4cb34c2b0e9eea953) Importer(815301076,1909f56bfc062723c751e8b465ee728b)
Start importing Assets/Class Stuff/SHADER CODING/Caustics/Caustics/frames/caust_015.png using Guid(099502b0de5cbbd4cb34c2b0e9eea953) Importer(815301076,1909f56bfc062723c751e8b465ee728b)  -> (artifact id: '692c338cfe55d6f8b4e3d05fb26f0973') in 0.013088 seconds
  Import took 0.015466 seconds .

========================================================================
Received Import Request.
  Time since last request: 0.000237 seconds.
  path: Assets/Class Stuff/SHADER CODING/Caustics/Caustics/frames/caust_013.png
  artifactKey: Guid(90aa264136d6a5d4fb850a9d168157b9) Importer(815301076,1909f56bfc062723c751e8b465ee728b)
Start importing Assets/Class Stuff/SHADER CODING/Caustics/Caustics/frames/caust_013.png using Guid(90aa264136d6a5d4fb850a9d168157b9) Importer(815301076,1909f56bfc062723c751e8b465ee728b)  -> (artifact id: 'cbb49317d03457833347b2efbb0d3167') in 0.019517 seconds
  Import took 0.021573 seconds .

========================================================================
Received Import Request.
  Time since last request: 0.000186 seconds.
  path: Assets/Class Stuff/SHADER CODING/Caustics/Caustics/frames/caust_007.png
  artifactKey: Guid(1253f655a15fbbf48a4fe8a0e5375a8a) Importer(815301076,1909f56bfc062723c751e8b465ee728b)
Start importing Assets/Class Stuff/SHADER CODING/Caustics/Caustics/frames/caust_007.png using Guid(1253f655a15fbbf48a4fe8a0e5375a8a) Importer(815301076,1909f56bfc062723c751e8b465ee728b)  -> (artifact id: 'dac68cb515508659526563957479e124') in 0.013665 seconds
  Import took 0.015531 seconds .

========================================================================
Received Import Request.
  Time since last request: 0.000285 seconds.
  path: Assets/Class Stuff/SHADER CODING/Caustics/Caustics/frames/caust_003.png
  artifactKey: Guid(dd73e51d7861ec54296b6b6662a2f280) Importer(815301076,1909f56bfc062723c751e8b465ee728b)
Start importing Assets/Class Stuff/SHADER CODING/Caustics/Caustics/frames/caust_003.png using Guid(dd73e51d7861ec54296b6b6662a2f280) Importer(815301076,1909f56bfc062723c751e8b465ee728b)  -> (artifact id: '1ff52e79a14dae523f869b8a0d5b0db6') in 0.017491 seconds
  Import took 0.019411 seconds .

========================================================================
Received Import Request.
  Time since last request: 0.000229 seconds.
  path: Assets/Class Stuff/SHADER CODING/Caustics/Caustics/frames/caust_010.png
  artifactKey: Guid(be6f14a6192c405458970047c4b1eb08) Importer(815301076,1909f56bfc062723c751e8b465ee728b)
Start importing Assets/Class Stuff/SHADER CODING/Caustics/Caustics/frames/caust_010.png using Guid(be6f14a6192c405458970047c4b1eb08) Importer(815301076,1909f56bfc062723c751e8b465ee728b)  -> (artifact id: '149d00ac3bb1eaa5edb19c76a1441581') in 0.016427 seconds
  Import took 0.018447 seconds .

========================================================================
Received Import Request.
  Time since last request: 0.000290 seconds.
  path: Assets/Class Stuff/SHADER CODING/Caustics/Caustics/frames/caust_012.png
  artifactKey: Guid(f91b0d73bf467d74783b3b0107a15b71) Importer(815301076,1909f56bfc062723c751e8b465ee728b)
Start importing Assets/Class Stuff/SHADER CODING/Caustics/Caustics/frames/caust_012.png using Guid(f91b0d73bf467d74783b3b0107a15b71) Importer(815301076,1909f56bfc062723c751e8b465ee728b)  -> (artifact id: 'f897617f25ac107867827f0f78413d48') in 0.020328 seconds
  Import took 0.021982 seconds .

========================================================================
Received Import Request.
  Time since last request: 0.000194 seconds.
  path: Assets/Class Stuff/SHADER CODING/Caustics/Caustics/frames/caust_002.png
  artifactKey: Guid(d70acba44253ffd4c846d68d9e99878c) Importer(815301076,1909f56bfc062723c751e8b465ee728b)
Start importing Assets/Class Stuff/SHADER CODING/Caustics/Caustics/frames/caust_002.png using Guid(d70acba44253ffd4c846d68d9e99878c) Importer(815301076,1909f56bfc062723c751e8b465ee728b)  -> (artifact id: 'a188a76d8e14861eb0937efcbda6fd85') in 0.013783 seconds
  Import took 0.015805 seconds .

========================================================================
Received Import Request.
  Time since last request: 0.000175 seconds.
  path: Assets/Class Stuff/SHADER CODING/Caustics/Caustics/frames/caust_009.png
  artifactKey: Guid(184a5c46374933e4fb7b2c55a4b8e960) Importer(815301076,1909f56bfc062723c751e8b465ee728b)
Start importing Assets/Class Stuff/SHADER CODING/Caustics/Caustics/frames/caust_009.png using Guid(184a5c46374933e4fb7b2c55a4b8e960) Importer(815301076,1909f56bfc062723c751e8b465ee728b)  -> (artifact id: '1c4e98b23b84e71fd5bf75a101ea5eb5') in 0.019903 seconds
  Import took 0.021654 seconds .

========================================================================
Received Import Request.
  Time since last request: 0.000206 seconds.
  path: Assets/Class Stuff/SHADER CODING/Caustics/Caustics/frames/caust_016.png
  artifactKey: Guid(d7f614451a2b6e84e88ee801027ec2da) Importer(815301076,1909f56bfc062723c751e8b465ee728b)
Start importing Assets/Class Stuff/SHADER CODING/Caustics/Caustics/frames/caust_016.png using Guid(d7f614451a2b6e84e88ee801027ec2da) Importer(815301076,1909f56bfc062723c751e8b465ee728b)  -> (artifact id: '073d76296289c6c7b553880e4bbf1c95') in 0.012132 seconds
  Import took 0.014123 seconds .

========================================================================
Received Import Request.
  Time since last request: 0.000197 seconds.
  path: Assets/Class Stuff/SHADER CODING/Caustics/Caustics/frames/caust_004.png
  artifactKey: Guid(c795ffbb01806314ab063767c04b1ec2) Importer(815301076,1909f56bfc062723c751e8b465ee728b)
Start importing Assets/Class Stuff/SHADER CODING/Caustics/Caustics/frames/caust_004.png using Guid(c795ffbb01806314ab063767c04b1ec2) Importer(815301076,1909f56bfc062723c751e8b465ee728b)  -> (artifact id: 'f7a426594efc27cbe3f45db59b973c80') in 0.018978 seconds
  Import took 0.021282 seconds .

========================================================================
Received Import Request.
  Time since last request: 0.000174 seconds.
  path: Assets/Class Stuff/SHADER CODING/Caustics/Caustics/frames/caust_005.png
  artifactKey: Guid(40e86409fae2f824a91e0d5338e8a593) Importer(815301076,1909f56bfc062723c751e8b465ee728b)
Start importing Assets/Class Stuff/SHADER CODING/Caustics/Caustics/frames/caust_005.png using Guid(40e86409fae2f824a91e0d5338e8a593) Importer(815301076,1909f56bfc062723c751e8b465ee728b)  -> (artifact id: '0fc83fa908f68f101a69ebcb9660770b') in 0.011900 seconds
  Import took 0.013565 seconds .

========================================================================
Received Import Request.
  Time since last request: 0.008412 seconds.
  path: Assets/Class Stuff/SHADER CODING/Caustics/Caustics/frames/caust_005.png
  artifactKey: Guid(40e86409fae2f824a91e0d5338e8a593) Importer(815301076,1909f56bfc062723c751e8b465ee728b)
Start importing Assets/Class Stuff/SHADER CODING/Caustics/Caustics/frames/caust_005.png using Guid(40e86409fae2f824a91e0d5338e8a593) Importer(815301076,1909f56bfc062723c751e8b465ee728b)  -> (artifact id: '0fc83fa908f68f101a69ebcb9660770b') in 0.010349 seconds
  Import took 0.012502 seconds .

========================================================================
Received Import Request.
  Time since last request: 2216.774261 seconds.
  path: Assets/Class Stuff/SHADER CODING/Refraction
  artifactKey: Guid(3cf3b240368778544975264a3db804cf) Importer(815301076,1909f56bfc062723c751e8b465ee728b)
Start importing Assets/Class Stuff/SHADER CODING/Refraction using Guid(3cf3b240368778544975264a3db804cf) Importer(815301076,1909f56bfc062723c751e8b465ee728b)  -> (artifact id: 'fc63a8b1836e6afa7b9c059b58450fc7') in 0.007973 seconds
  Import took 0.010124 seconds .

========================================================================
Received Import Request.
  Time since last request: 30.060172 seconds.
  path: Assets/Class Stuff/SHADER CODING/Refraction/DistortionFlow.shader
  artifactKey: Guid(3e5fe05d649ea2a4ea70b705534c8301) Importer(815301076,1909f56bfc062723c751e8b465ee728b)
Start importing Assets/Class Stuff/SHADER CODING/Refraction/DistortionFlow.shader using Guid(3e5fe05d649ea2a4ea70b705534c8301) Importer(815301076,1909f56bfc062723c751e8b465ee728b)  -> (artifact id: '4cec8a4a47a31003790e5be1cc8d0604') in 0.009910 seconds
  Import took 0.011917 seconds .

========================================================================
Received Import Request.
  Time since last request: 402.010228 seconds.
  path: Assets/Class Stuff/SHADER CODING/Refraction/Water
  artifactKey: Guid(9d512029ee3a5d94ea9fd7076df14a86) Importer(815301076,1909f56bfc062723c751e8b465ee728b)
Start importing Assets/Class Stuff/SHADER CODING/Refraction/Water using Guid(9d512029ee3a5d94ea9fd7076df14a86) Importer(815301076,1909f56bfc062723c751e8b465ee728b)  -> (artifact id: '8ff76b329322544a24cbc2ba8bc0a15b') in 0.008184 seconds
  Import took 0.010278 seconds .

AssetImportWorkerClient::OnTransportError - code=2 error=End of file
